<?xml version="1.0" encoding="UTF-8"?>
<!-- Generated by org.testng.reporters.JUnitXMLReporter -->
<testsuite ignored="0" hostname="LAPTOP-AOJDMLP9" failures="2" tests="8" name="My Test" time="39.559" errors="0" timestamp="10 Mar 2024 02:42:50 GMT">
  <testcase classname="com.TestNGDemos.D06DataDrivenTesting" name="loginToOHRM" time="4.126"/>
  <testcase classname="com.TestNGDemos.D06DataDrivenTesting" name="loginToOHRM" time="1.705">
    <failure type="java.lang.AssertionError" message="expected [true] but found [false]">
      <![CDATA[java.lang.AssertionError: expected [true] but found [false]
	at com.TestNGDemos.D06DataDrivenTesting.loginToOHRM(D06DataDrivenTesting.java:30)
... Removed 29 stack frames]]>
    </failure>
  </testcase> <!-- loginToOHRM -->
  <testcase classname="com.TestNGDemos.D06DataDrivenTesting" name="loginToOHRM" time="1.118">
    <failure type="java.lang.AssertionError" message="expected [true] but found [false]">
      <![CDATA[java.lang.AssertionError: expected [true] but found [false]
	at com.TestNGDemos.D06DataDrivenTesting.loginToOHRM(D06DataDrivenTesting.java:30)
... Removed 29 stack frames]]>
    </failure>
  </testcase> <!-- loginToOHRM -->
  <testcase classname="com.TestNGDemos.D06DataDrivenTesting" name="loginToOHRM" time="1.551"/>
  <testcase classname="com.TestNGDemos.D05AmazonTest" name="clickOnBestSellers" time="2.226"/>
  <testcase classname="com.TestNGDemos.D05AmazonTest" name="clickOnMobiles" time="2.407"/>
  <testcase classname="com.TestNGDemos.D05AmazonTest" name="clickOnTodaysDeal" time="1.882"/>
  <testcase classname="com.TestNGDemos.D05AmazonTest" name="clickOnElectronics" time="3.882"/>
</testsuite> <!-- My Test -->
